<html>
<head>
<title>TestNG:  Default test</title>
<link href="../testng.css" rel="stylesheet" type="text/css" />
<link href="../my-testng.css" rel="stylesheet" type="text/css" />

<style type="text/css">
.log { display: none;} 
.stack-trace { display: none;} 
</style>
<script type="text/javascript">
<!--
function flip(e) {
  current = e.style.display;
  if (current == 'block') {
    e.style.display = 'none';
    return 0;
  }
  else {
    e.style.display = 'block';
    return 1;
  }
}

function toggleBox(szDivId, elem, msg1, msg2)
{
  var res = -1;  if (document.getElementById) {
    res = flip(document.getElementById(szDivId));
  }
  else if (document.all) {
    // this is the way old msie versions work
    res = flip(document.all[szDivId]);
  }
  if(elem) {
    if(res == 0) elem.innerHTML = msg1; else elem.innerHTML = msg2;
  }

}

function toggleAllBoxes() {
  if (document.getElementsByTagName) {
    d = document.getElementsByTagName('div');
    for (i = 0; i < d.length; i++) {
      if (d[i].className == 'log') {
        flip(d[i]);
      }
    }
  }
}

// -->
</script>

</head>
<body>
<h2 align='center'>Default test</h2><table border='1' align="center">
<tr>
<td>Tests passed/Failed/Skipped:</td><td>0/5/0</td>
</tr><tr>
<td>Started on:</td><td>Thu Dec 23 19:07:52 IST 2021</td>
</tr>
<tr><td>Total time:</td><td>0 seconds (827 ms)</td>
</tr><tr>
<td>Included groups:</td><td></td>
</tr><tr>
<td>Excluded groups:</td><td></td>
</tr>
</table><p/>
<small><i>(Hover the method name to see the test class name)</i></small><p/>
<table width='100%' border='1' class='invocation-failed'>
<tr><td colspan='4' align='center'><b>FAILED TESTS</b></td></tr>
<tr><td><b>Test method</b></td>
<td width="30%"><b>Exception</b></td>
<td width="10%"><b>Time (seconds)</b></td>
<td><b>Instance</b></td>
</tr>
<tr>
<td title='testng.TestRunner.runScenario()'><b>runScenario</b><br>Test class: testng.TestRunner<br>Test method: Runs Cucumber Scenarios<br>Parameters: "User Registration", "Optional[FlyAway Ticket Booking]"</td>
<td><div><pre>java.lang.NullPointerException: Cannot invoke &quot;org.openqa.selenium.WebDriver.findElement(org.openqa.selenium.By)&quot; because &quot;this.driver&quot; is null
	at steps.SignupClass.SignUp(SignupClass.java:16)
	at steps.LoginSteps.user_has_opened_login_page(LoginSteps.java:51)
	at ?.user has opened login page(file:///C:/Users/sobathin/selenium/CapstoneBDD/src/test/resources/features/FlyAway.feature:33)
</pre></div><a href='#' onClick='toggleBox("stack-trace1338368149", this, "Click to show all stack frames", "Click to hide stack frames")'>Click to show all stack frames</a>
<div class='stack-trace' id='stack-trace1338368149'><pre>java.lang.NullPointerException: Cannot invoke &quot;org.openqa.selenium.WebDriver.findElement(org.openqa.selenium.By)&quot; because &quot;this.driver&quot; is null
	at steps.SignupClass.SignUp(SignupClass.java:16)
	at steps.LoginSteps.user_has_opened_login_page(LoginSteps.java:51)
	at ?.user has opened login page(file:///C:/Users/sobathin/selenium/CapstoneBDD/src/test/resources/features/FlyAway.feature:33)
</pre></div></td>
<td>0</td>
<td>testng.TestRunner@618425b5</td></tr>
<tr>
<td title='testng.TestRunner.runScenario()'><b>runScenario</b><br>Test class: testng.TestRunner<br>Test method: Runs Cucumber Scenarios<br>Parameters: "View Booking Status", "Optional[FlyAway Ticket Booking]"</td>
<td><div><pre>java.lang.NullPointerException: Cannot invoke &quot;org.openqa.selenium.WebDriver.findElement(org.openqa.selenium.By)&quot; because &quot;this.driver&quot; is null
	at steps.ViewBookings.Views(ViewBookings.java:16)
	at steps.LoginSteps.user_complete_booking(LoginSteps.java:132)
	at ?.user complete booking(file:///C:/Users/sobathin/selenium/CapstoneBDD/src/test/resources/features/FlyAway.feature:54)
</pre></div><a href='#' onClick='toggleBox("stack-trace314562573", this, "Click to show all stack frames", "Click to hide stack frames")'>Click to show all stack frames</a>
<div class='stack-trace' id='stack-trace314562573'><pre>java.lang.NullPointerException: Cannot invoke &quot;org.openqa.selenium.WebDriver.findElement(org.openqa.selenium.By)&quot; because &quot;this.driver&quot; is null
	at steps.ViewBookings.Views(ViewBookings.java:16)
	at steps.LoginSteps.user_complete_booking(LoginSteps.java:132)
	at ?.user complete booking(file:///C:/Users/sobathin/selenium/CapstoneBDD/src/test/resources/features/FlyAway.feature:54)
</pre></div></td>
<td>0</td>
<td>testng.TestRunner@618425b5</td></tr>
<tr>
<td title='testng.TestRunner.runScenario()'><b>runScenario</b><br>Test class: testng.TestRunner<br>Test method: Runs Cucumber Scenarios<br>Parameters: "Flight Ticket Booking", "Optional[FlyAway Ticket Booking]"</td>
<td><div><pre>java.lang.NullPointerException: Cannot invoke &quot;org.openqa.selenium.WebDriver.findElement(org.openqa.selenium.By)&quot; because &quot;this.driver&quot; is null
	at steps.BookingClass.Booking(BookingClass.java:13)
	at steps.LoginSteps.user_has_loged_successfully_and_clicks_on_home(LoginSteps.java:108)
	at ?.user has loged successfully and clicks on home(file:///C:/Users/sobathin/selenium/CapstoneBDD/src/test/resources/features/FlyAway.feature:47)
</pre></div><a href='#' onClick='toggleBox("stack-trace1037955032", this, "Click to show all stack frames", "Click to hide stack frames")'>Click to show all stack frames</a>
<div class='stack-trace' id='stack-trace1037955032'><pre>java.lang.NullPointerException: Cannot invoke &quot;org.openqa.selenium.WebDriver.findElement(org.openqa.selenium.By)&quot; because &quot;this.driver&quot; is null
	at steps.BookingClass.Booking(BookingClass.java:13)
	at steps.LoginSteps.user_has_loged_successfully_and_clicks_on_home(LoginSteps.java:108)
	at ?.user has loged successfully and clicks on home(file:///C:/Users/sobathin/selenium/CapstoneBDD/src/test/resources/features/FlyAway.feature:47)
</pre></div></td>
<td>0</td>
<td>testng.TestRunner@618425b5</td></tr>
<tr>
<td title='testng.TestRunner.runScenario()'><b>runScenario</b><br>Test class: testng.TestRunner<br>Test method: Runs Cucumber Scenarios<br>Parameters: "User opens Home Page", "Optional[FlyAway Ticket Booking]"</td>
<td><div><pre>java.lang.IllegalStateException: The driver executable does not exist: C:\Installs\chromedriver_win32 (1)\chromedriver.exes
	at com.google.common.base.Preconditions.checkState(Preconditions.java:585)
	at org.openqa.selenium.remote.service.DriverService.checkExecutable(DriverService.java:146)
	at org.openqa.selenium.remote.service.DriverService.findExecutable(DriverService.java:141)
	at org.openqa.selenium.chrome.ChromeDriverService.access$000(ChromeDriverService.java:35)
	at org.openqa.selenium.chrome.ChromeDriverService$Builder.findDefaultExecutable(ChromeDriverService.java:159)
	at org.openqa.selenium.remote.service.DriverService$Builder.build(DriverService.java:355)
	at org.openqa.selenium.chrome.ChromeDriverService.createDefaultService(ChromeDriverService.java:94)
	at org.openqa.selenium.chrome.ChromeDriver.&lt;init&gt;(ChromeDriver.java:123)
	at steps.LoginSteps.user_has_opened_application(LoginSteps.java:28)
	at ?.user has opened Application(file:///C:/Users/sobathin/selenium/CapstoneBDD/src/test/resources/features/FlyAway.feature:26)
</pre></div><a href='#' onClick='toggleBox("stack-trace276869158", this, "Click to show all stack frames", "Click to hide stack frames")'>Click to show all stack frames</a>
<div class='stack-trace' id='stack-trace276869158'><pre>java.lang.IllegalStateException: The driver executable does not exist: C:\Installs\chromedriver_win32 (1)\chromedriver.exes
	at com.google.common.base.Preconditions.checkState(Preconditions.java:585)
	at org.openqa.selenium.remote.service.DriverService.checkExecutable(DriverService.java:146)
	at org.openqa.selenium.remote.service.DriverService.findExecutable(DriverService.java:141)
	at org.openqa.selenium.chrome.ChromeDriverService.access$000(ChromeDriverService.java:35)
	at org.openqa.selenium.chrome.ChromeDriverService$Builder.findDefaultExecutable(ChromeDriverService.java:159)
	at org.openqa.selenium.remote.service.DriverService$Builder.build(DriverService.java:355)
	at org.openqa.selenium.chrome.ChromeDriverService.createDefaultService(ChromeDriverService.java:94)
	at org.openqa.selenium.chrome.ChromeDriver.&lt;init&gt;(ChromeDriver.java:123)
	at steps.LoginSteps.user_has_opened_application(LoginSteps.java:28)
	at ?.user has opened Application(file:///C:/Users/sobathin/selenium/CapstoneBDD/src/test/resources/features/FlyAway.feature:26)
</pre></div></td>
<td>0</td>
<td>testng.TestRunner@618425b5</td></tr>
<tr>
<td title='testng.TestRunner.runScenario()'><b>runScenario</b><br>Test class: testng.TestRunner<br>Test method: Runs Cucumber Scenarios<br>Parameters: "Login Page", "Optional[FlyAway Ticket Booking]"</td>
<td><div><pre>java.lang.NullPointerException: Cannot invoke &quot;org.openqa.selenium.WebDriver.findElement(org.openqa.selenium.By)&quot; because &quot;this.driver&quot; is null
	at steps.LoginClass.Login(LoginClass.java:13)
	at steps.LoginSteps.user_opened_login_page_and_enter_details(LoginSteps.java:89)
	at ?.user opened login page and enter details(file:///C:/Users/sobathin/selenium/CapstoneBDD/src/test/resources/features/FlyAway.feature:40)
</pre></div><a href='#' onClick='toggleBox("stack-trace2044337856", this, "Click to show all stack frames", "Click to hide stack frames")'>Click to show all stack frames</a>
<div class='stack-trace' id='stack-trace2044337856'><pre>java.lang.NullPointerException: Cannot invoke &quot;org.openqa.selenium.WebDriver.findElement(org.openqa.selenium.By)&quot; because &quot;this.driver&quot; is null
	at steps.LoginClass.Login(LoginClass.java:13)
	at steps.LoginSteps.user_opened_login_page_and_enter_details(LoginSteps.java:89)
	at ?.user opened login page and enter details(file:///C:/Users/sobathin/selenium/CapstoneBDD/src/test/resources/features/FlyAway.feature:40)
</pre></div></td>
<td>0</td>
<td>testng.TestRunner@618425b5</td></tr>
</table><p>
</body>
</html>