<?xml version="1.0" encoding="UTF-8"?>
<!-- Generated by org.testng.reporters.JUnitXMLReporter -->
<testsuite ignored="0" hostname="DESKTOP-GUK581E" failures="5" tests="5" name="Default test" time="0.827" errors="0" timestamp="2021-12-23T19:07:53 IST">
  <testcase classname="io.cucumber.testng.AbstractTestNGCucumberTests" name="runScenario" time="0.238">
    <failure type="java.lang.IllegalStateException" message="The driver executable does not exist: C:\Installs\chromedriver_win32 (1)\chromedriver.exes">
      <![CDATA[java.lang.IllegalStateException: The driver executable does not exist: C:\Installs\chromedriver_win32 (1)\chromedriver.exes
at com.google.common.base.Preconditions.checkState(Preconditions.java:585)
at org.openqa.selenium.remote.service.DriverService.checkExecutable(DriverService.java:146)
at org.openqa.selenium.remote.service.DriverService.findExecutable(DriverService.java:141)
at org.openqa.selenium.chrome.ChromeDriverService.access$000(ChromeDriverService.java:35)
at org.openqa.selenium.chrome.ChromeDriverService$Builder.findDefaultExecutable(ChromeDriverService.java:159)
at org.openqa.selenium.remote.service.DriverService$Builder.build(DriverService.java:355)
at org.openqa.selenium.chrome.ChromeDriverService.createDefaultService(ChromeDriverService.java:94)
at org.openqa.selenium.chrome.ChromeDriver.<init>(ChromeDriver.java:123)
at steps.LoginSteps.user_has_opened_application(LoginSteps.java:28)
at ✽.user has opened Application(file:///C:/Users/sobathin/selenium/CapstoneBDD/src/test/resources/features/FlyAway.feature:26)
]]>
    </failure>
  </testcase> <!-- runScenario -->
  <testcase classname="io.cucumber.testng.AbstractTestNGCucumberTests" name="runScenario" time="0.039">
    <failure type="java.lang.NullPointerException" message="Cannot invoke &amp;quot;org.openqa.selenium.WebDriver.findElement(org.openqa.selenium.By)&amp;quot; because &amp;quot;this.driver&amp;quot; is null">
      <![CDATA[java.lang.NullPointerException: Cannot invoke "org.openqa.selenium.WebDriver.findElement(org.openqa.selenium.By)" because "this.driver" is null
at steps.SignupClass.SignUp(SignupClass.java:16)
at steps.LoginSteps.user_has_opened_login_page(LoginSteps.java:51)
at ✽.user has opened login page(file:///C:/Users/sobathin/selenium/CapstoneBDD/src/test/resources/features/FlyAway.feature:33)
]]>
    </failure>
  </testcase> <!-- runScenario -->
  <testcase classname="io.cucumber.testng.AbstractTestNGCucumberTests" name="runScenario" time="0.017">
    <failure type="java.lang.NullPointerException" message="Cannot invoke &amp;quot;org.openqa.selenium.WebDriver.findElement(org.openqa.selenium.By)&amp;quot; because &amp;quot;this.driver&amp;quot; is null">
      <![CDATA[java.lang.NullPointerException: Cannot invoke "org.openqa.selenium.WebDriver.findElement(org.openqa.selenium.By)" because "this.driver" is null
at steps.LoginClass.Login(LoginClass.java:13)
at steps.LoginSteps.user_opened_login_page_and_enter_details(LoginSteps.java:89)
at ✽.user opened login page and enter details(file:///C:/Users/sobathin/selenium/CapstoneBDD/src/test/resources/features/FlyAway.feature:40)
]]>
    </failure>
  </testcase> <!-- runScenario -->
  <testcase classname="io.cucumber.testng.AbstractTestNGCucumberTests" name="runScenario" time="0.019">
    <failure type="java.lang.NullPointerException" message="Cannot invoke &amp;quot;org.openqa.selenium.WebDriver.findElement(org.openqa.selenium.By)&amp;quot; because &amp;quot;this.driver&amp;quot; is null">
      <![CDATA[java.lang.NullPointerException: Cannot invoke "org.openqa.selenium.WebDriver.findElement(org.openqa.selenium.By)" because "this.driver" is null
at steps.BookingClass.Booking(BookingClass.java:13)
at steps.LoginSteps.user_has_loged_successfully_and_clicks_on_home(LoginSteps.java:108)
at ✽.user has loged successfully and clicks on home(file:///C:/Users/sobathin/selenium/CapstoneBDD/src/test/resources/features/FlyAway.feature:47)
]]>
    </failure>
  </testcase> <!-- runScenario -->
  <testcase classname="io.cucumber.testng.AbstractTestNGCucumberTests" name="runScenario" time="0.022">
    <failure type="java.lang.NullPointerException" message="Cannot invoke &amp;quot;org.openqa.selenium.WebDriver.findElement(org.openqa.selenium.By)&amp;quot; because &amp;quot;this.driver&amp;quot; is null">
      <![CDATA[java.lang.NullPointerException: Cannot invoke "org.openqa.selenium.WebDriver.findElement(org.openqa.selenium.By)" because "this.driver" is null
at steps.ViewBookings.Views(ViewBookings.java:16)
at steps.LoginSteps.user_complete_booking(LoginSteps.java:132)
at ✽.user complete booking(file:///C:/Users/sobathin/selenium/CapstoneBDD/src/test/resources/features/FlyAway.feature:54)
]]>
    </failure>
  </testcase> <!-- runScenario -->
</testsuite> <!-- Default test -->
